
*** Running vivado
    with args -log TopLevelDesign_SimpleArithmeticAXI_0_0.vds -m64 -product Vivado -mode batch -messageDb vivado.pb -notrace -source TopLevelDesign_SimpleArithmeticAXI_0_0.tcl


****** Vivado v2017.3 (64-bit)
  **** SW Build 2018833 on Wed Oct  4 19:58:07 MDT 2017
  **** IP Build 2016188 on Wed Oct  4 21:52:56 MDT 2017
    ** Copyright 1986-2017 Xilinx, Inc. All Rights Reserved.

source TopLevelDesign_SimpleArithmeticAXI_0_0.tcl -notrace
Command: synth_design -top TopLevelDesign_SimpleArithmeticAXI_0_0 -part xc7z020clg484-1 -mode out_of_context
Starting synth_design
Attempting to get a license for feature 'Synthesis' and/or device 'xc7z020'
INFO: [Common 17-349] Got license for feature 'Synthesis' and/or device 'xc7z020'
INFO: Launching helper process for spawning children vivado processes
INFO: Helper process launched with PID 7352 
---------------------------------------------------------------------------------
Starting RTL Elaboration : Time (s): cpu = 00:00:09 ; elapsed = 00:00:10 . Memory (MB): peak = 1255.402 ; gain = 72.996 ; free physical = 123 ; free virtual = 3608
---------------------------------------------------------------------------------
INFO: [Synth 8-638] synthesizing module 'TopLevelDesign_SimpleArithmeticAXI_0_0' [/home/tinytangent/ucore-plus-fpga/Simple_Arithmetic/Simple_Arithmetic.srcs/sources_1/bd/TopLevelDesign/ip/TopLevelDesign_SimpleArithmeticAXI_0_0/synth/TopLevelDesign_SimpleArithmeticAXI_0_0.vhd:82]
	Parameter C_S00_AXI_DATA_WIDTH bound to: 32 - type: integer 
	Parameter C_S00_AXI_ADDR_WIDTH bound to: 4 - type: integer 
INFO: [Synth 8-3491] module 'SimpleArithmeticAXI_v1_0' declared at '/home/tinytangent/ucore-plus-fpga/Simple_Arithmetic/Simple_Arithmetic.srcs/sources_1/bd/TopLevelDesign/ipshared/0655/hdl/SimpleArithmeticAXI_v1_0.vhd:5' bound to instance 'U0' of component 'SimpleArithmeticAXI_v1_0' [/home/tinytangent/ucore-plus-fpga/Simple_Arithmetic/Simple_Arithmetic.srcs/sources_1/bd/TopLevelDesign/ip/TopLevelDesign_SimpleArithmeticAXI_0_0/synth/TopLevelDesign_SimpleArithmeticAXI_0_0.vhd:145]
INFO: [Synth 8-638] synthesizing module 'SimpleArithmeticAXI_v1_0' [/home/tinytangent/ucore-plus-fpga/Simple_Arithmetic/Simple_Arithmetic.srcs/sources_1/bd/TopLevelDesign/ipshared/0655/hdl/SimpleArithmeticAXI_v1_0.vhd:49]
	Parameter C_S00_AXI_DATA_WIDTH bound to: 32 - type: integer 
	Parameter C_S00_AXI_ADDR_WIDTH bound to: 4 - type: integer 
	Parameter C_S_AXI_DATA_WIDTH bound to: 32 - type: integer 
	Parameter C_S_AXI_ADDR_WIDTH bound to: 4 - type: integer 
INFO: [Synth 8-3491] module 'SimpleArithmeticAXI_v1_0_S00_AXI' declared at '/home/tinytangent/ucore-plus-fpga/Simple_Arithmetic/Simple_Arithmetic.srcs/sources_1/bd/TopLevelDesign/ipshared/0655/hdl/SimpleArithmeticAXI_v1_0_S00_AXI.vhd:5' bound to instance 'SimpleArithmeticAXI_v1_0_S00_AXI_inst' of component 'SimpleArithmeticAXI_v1_0_S00_AXI' [/home/tinytangent/ucore-plus-fpga/Simple_Arithmetic/Simple_Arithmetic.srcs/sources_1/bd/TopLevelDesign/ipshared/0655/hdl/SimpleArithmeticAXI_v1_0.vhd:85]
INFO: [Synth 8-638] synthesizing module 'SimpleArithmeticAXI_v1_0_S00_AXI' [/home/tinytangent/ucore-plus-fpga/Simple_Arithmetic/Simple_Arithmetic.srcs/sources_1/bd/TopLevelDesign/ipshared/0655/hdl/SimpleArithmeticAXI_v1_0_S00_AXI.vhd:86]
	Parameter C_S_AXI_DATA_WIDTH bound to: 32 - type: integer 
	Parameter C_S_AXI_ADDR_WIDTH bound to: 4 - type: integer 
INFO: [Synth 8-226] default block is never used [/home/tinytangent/ucore-plus-fpga/Simple_Arithmetic/Simple_Arithmetic.srcs/sources_1/bd/TopLevelDesign/ipshared/0655/hdl/SimpleArithmeticAXI_v1_0_S00_AXI.vhd:223]
INFO: [Synth 8-226] default block is never used [/home/tinytangent/ucore-plus-fpga/Simple_Arithmetic/Simple_Arithmetic.srcs/sources_1/bd/TopLevelDesign/ipshared/0655/hdl/SimpleArithmeticAXI_v1_0_S00_AXI.vhd:353]
WARNING: [Synth 8-6014] Unused sequential element slv_reg3_reg was removed.  [/home/tinytangent/ucore-plus-fpga/Simple_Arithmetic/Simple_Arithmetic.srcs/sources_1/bd/TopLevelDesign/ipshared/0655/hdl/SimpleArithmeticAXI_v1_0_S00_AXI.vhd:219]
WARNING: [Synth 8-6014] Unused sequential element loc_addr_reg was removed.  [/home/tinytangent/ucore-plus-fpga/Simple_Arithmetic/Simple_Arithmetic.srcs/sources_1/bd/TopLevelDesign/ipshared/0655/hdl/SimpleArithmeticAXI_v1_0_S00_AXI.vhd:221]
INFO: [Synth 8-256] done synthesizing module 'SimpleArithmeticAXI_v1_0_S00_AXI' (1#1) [/home/tinytangent/ucore-plus-fpga/Simple_Arithmetic/Simple_Arithmetic.srcs/sources_1/bd/TopLevelDesign/ipshared/0655/hdl/SimpleArithmeticAXI_v1_0_S00_AXI.vhd:86]
INFO: [Synth 8-256] done synthesizing module 'SimpleArithmeticAXI_v1_0' (2#1) [/home/tinytangent/ucore-plus-fpga/Simple_Arithmetic/Simple_Arithmetic.srcs/sources_1/bd/TopLevelDesign/ipshared/0655/hdl/SimpleArithmeticAXI_v1_0.vhd:49]
INFO: [Synth 8-256] done synthesizing module 'TopLevelDesign_SimpleArithmeticAXI_0_0' (3#1) [/home/tinytangent/ucore-plus-fpga/Simple_Arithmetic/Simple_Arithmetic.srcs/sources_1/bd/TopLevelDesign/ip/TopLevelDesign_SimpleArithmeticAXI_0_0/synth/TopLevelDesign_SimpleArithmeticAXI_0_0.vhd:82]
WARNING: [Synth 8-3331] design SimpleArithmeticAXI_v1_0_S00_AXI has unconnected port S_AXI_AWPROT[2]
WARNING: [Synth 8-3331] design SimpleArithmeticAXI_v1_0_S00_AXI has unconnected port S_AXI_AWPROT[1]
WARNING: [Synth 8-3331] design SimpleArithmeticAXI_v1_0_S00_AXI has unconnected port S_AXI_AWPROT[0]
WARNING: [Synth 8-3331] design SimpleArithmeticAXI_v1_0_S00_AXI has unconnected port S_AXI_ARPROT[2]
WARNING: [Synth 8-3331] design SimpleArithmeticAXI_v1_0_S00_AXI has unconnected port S_AXI_ARPROT[1]
WARNING: [Synth 8-3331] design SimpleArithmeticAXI_v1_0_S00_AXI has unconnected port S_AXI_ARPROT[0]
---------------------------------------------------------------------------------
Finished RTL Elaboration : Time (s): cpu = 00:00:10 ; elapsed = 00:00:11 . Memory (MB): peak = 1297.934 ; gain = 115.527 ; free physical = 233 ; free virtual = 3537
---------------------------------------------------------------------------------

Report Check Netlist: 
+------+------------------+-------+---------+-------+------------------+
|      |Item              |Errors |Warnings |Status |Description       |
+------+------------------+-------+---------+-------+------------------+
|1     |multi_driven_nets |      0|        0|Passed |Multi driven nets |
+------+------------------+-------+---------+-------+------------------+
---------------------------------------------------------------------------------
Finished RTL Optimization Phase 1 : Time (s): cpu = 00:00:10 ; elapsed = 00:00:11 . Memory (MB): peak = 1297.934 ; gain = 115.527 ; free physical = 214 ; free virtual = 3518
---------------------------------------------------------------------------------
INFO: [Device 21-403] Loading part xc7z020clg484-1
INFO: [Project 1-570] Preparing netlist for logic optimization

Processing XDC Constraints
Initializing timing engine
Completed Processing XDC Constraints

INFO: [Project 1-111] Unisim Transformation Summary:
No Unisim elements were transformed.

Constraint Validation Runtime : Time (s): cpu = 00:00:00.01 ; elapsed = 00:00:00.01 . Memory (MB): peak = 1666.949 ; gain = 0.000 ; free physical = 126 ; free virtual = 2912
---------------------------------------------------------------------------------
Finished Constraint Validation : Time (s): cpu = 00:00:28 ; elapsed = 00:00:40 . Memory (MB): peak = 1666.949 ; gain = 484.543 ; free physical = 248 ; free virtual = 2975
---------------------------------------------------------------------------------
---------------------------------------------------------------------------------
Start Loading Part and Timing Information
---------------------------------------------------------------------------------
Loading part: xc7z020clg484-1
---------------------------------------------------------------------------------
Finished Loading Part and Timing Information : Time (s): cpu = 00:00:28 ; elapsed = 00:00:40 . Memory (MB): peak = 1666.949 ; gain = 484.543 ; free physical = 248 ; free virtual = 2975
---------------------------------------------------------------------------------
---------------------------------------------------------------------------------
Start Applying 'set_property' XDC Constraints
---------------------------------------------------------------------------------
---------------------------------------------------------------------------------
Finished applying 'set_property' XDC Constraints : Time (s): cpu = 00:00:28 ; elapsed = 00:00:40 . Memory (MB): peak = 1666.949 ; gain = 484.543 ; free physical = 250 ; free virtual = 2977
---------------------------------------------------------------------------------
---------------------------------------------------------------------------------
Finished RTL Optimization Phase 2 : Time (s): cpu = 00:00:28 ; elapsed = 00:00:41 . Memory (MB): peak = 1666.949 ; gain = 484.543 ; free physical = 243 ; free virtual = 2969
---------------------------------------------------------------------------------

Report RTL Partitions: 
+-+--------------+------------+----------+
| |RTL Partition |Replication |Instances |
+-+--------------+------------+----------+
+-+--------------+------------+----------+
---------------------------------------------------------------------------------
Start RTL Component Statistics 
---------------------------------------------------------------------------------
Detailed RTL Component Info : 
+---Adders : 
	   2 Input     32 Bit       Adders := 1     
+---Registers : 
	               32 Bit    Registers := 4     
	                4 Bit    Registers := 2     
	                2 Bit    Registers := 2     
	                1 Bit    Registers := 6     
+---Muxes : 
	   2 Input     32 Bit        Muxes := 3     
	   4 Input     32 Bit        Muxes := 4     
	   2 Input      1 Bit        Muxes := 5     
---------------------------------------------------------------------------------
Finished RTL Component Statistics 
---------------------------------------------------------------------------------
---------------------------------------------------------------------------------
Start RTL Hierarchical Component Statistics 
---------------------------------------------------------------------------------
Hierarchical RTL Component report 
Module SimpleArithmeticAXI_v1_0_S00_AXI 
Detailed RTL Component Info : 
+---Adders : 
	   2 Input     32 Bit       Adders := 1     
+---Registers : 
	               32 Bit    Registers := 4     
	                4 Bit    Registers := 2     
	                2 Bit    Registers := 2     
	                1 Bit    Registers := 6     
+---Muxes : 
	   2 Input     32 Bit        Muxes := 3     
	   4 Input     32 Bit        Muxes := 4     
	   2 Input      1 Bit        Muxes := 5     
---------------------------------------------------------------------------------
Finished RTL Hierarchical Component Statistics
---------------------------------------------------------------------------------
---------------------------------------------------------------------------------
Start Part Resource Summary
---------------------------------------------------------------------------------
Part Resources:
DSPs: 220 (col length:60)
BRAMs: 280 (col length: RAMB18 60 RAMB36 30)
---------------------------------------------------------------------------------
Finished Part Resource Summary
---------------------------------------------------------------------------------
---------------------------------------------------------------------------------
Start Cross Boundary and Area Optimization
---------------------------------------------------------------------------------
WARNING: [Synth 8-3331] design TopLevelDesign_SimpleArithmeticAXI_0_0 has unconnected port s00_axi_awprot[2]
WARNING: [Synth 8-3331] design TopLevelDesign_SimpleArithmeticAXI_0_0 has unconnected port s00_axi_awprot[1]
WARNING: [Synth 8-3331] design TopLevelDesign_SimpleArithmeticAXI_0_0 has unconnected port s00_axi_awprot[0]
WARNING: [Synth 8-3331] design TopLevelDesign_SimpleArithmeticAXI_0_0 has unconnected port s00_axi_arprot[2]
WARNING: [Synth 8-3331] design TopLevelDesign_SimpleArithmeticAXI_0_0 has unconnected port s00_axi_arprot[1]
WARNING: [Synth 8-3331] design TopLevelDesign_SimpleArithmeticAXI_0_0 has unconnected port s00_axi_arprot[0]
INFO: [Synth 8-3333] propagating constant 1 across sequential element (\U0/SimpleArithmeticAXI_v1_0_S00_AXI_inst/aw_en_reg )
INFO: [Synth 8-3886] merging instance 'U0/SimpleArithmeticAXI_v1_0_S00_AXI_inst/axi_rresp_reg[0]' (FDRE) to 'U0/SimpleArithmeticAXI_v1_0_S00_AXI_inst/axi_rresp_reg[1]'
INFO: [Synth 8-3333] propagating constant 0 across sequential element (\U0/SimpleArithmeticAXI_v1_0_S00_AXI_inst/axi_rresp_reg[1] )
INFO: [Synth 8-3886] merging instance 'U0/SimpleArithmeticAXI_v1_0_S00_AXI_inst/axi_bresp_reg[0]' (FDRE) to 'U0/SimpleArithmeticAXI_v1_0_S00_AXI_inst/axi_bresp_reg[1]'
INFO: [Synth 8-3333] propagating constant 0 across sequential element (\U0/SimpleArithmeticAXI_v1_0_S00_AXI_inst/axi_bresp_reg[1] )
INFO: [Synth 8-3332] Sequential element (U0/SimpleArithmeticAXI_v1_0_S00_AXI_inst/aw_en_reg) is unused and will be removed from module TopLevelDesign_SimpleArithmeticAXI_0_0.
INFO: [Synth 8-3332] Sequential element (U0/SimpleArithmeticAXI_v1_0_S00_AXI_inst/axi_bresp_reg[1]) is unused and will be removed from module TopLevelDesign_SimpleArithmeticAXI_0_0.
INFO: [Synth 8-3332] Sequential element (U0/SimpleArithmeticAXI_v1_0_S00_AXI_inst/axi_araddr_reg[1]) is unused and will be removed from module TopLevelDesign_SimpleArithmeticAXI_0_0.
INFO: [Synth 8-3332] Sequential element (U0/SimpleArithmeticAXI_v1_0_S00_AXI_inst/axi_araddr_reg[0]) is unused and will be removed from module TopLevelDesign_SimpleArithmeticAXI_0_0.
INFO: [Synth 8-3332] Sequential element (U0/SimpleArithmeticAXI_v1_0_S00_AXI_inst/axi_awaddr_reg[1]) is unused and will be removed from module TopLevelDesign_SimpleArithmeticAXI_0_0.
INFO: [Synth 8-3332] Sequential element (U0/SimpleArithmeticAXI_v1_0_S00_AXI_inst/axi_awaddr_reg[0]) is unused and will be removed from module TopLevelDesign_SimpleArithmeticAXI_0_0.
INFO: [Synth 8-3332] Sequential element (U0/SimpleArithmeticAXI_v1_0_S00_AXI_inst/axi_rresp_reg[1]) is unused and will be removed from module TopLevelDesign_SimpleArithmeticAXI_0_0.
---------------------------------------------------------------------------------
Finished Cross Boundary and Area Optimization : Time (s): cpu = 00:00:28 ; elapsed = 00:00:42 . Memory (MB): peak = 1666.949 ; gain = 484.543 ; free physical = 243 ; free virtual = 2971
---------------------------------------------------------------------------------

Report RTL Partitions: 
+-+--------------+------------+----------+
| |RTL Partition |Replication |Instances |
+-+--------------+------------+----------+
+-+--------------+------------+----------+
---------------------------------------------------------------------------------
Start Applying XDC Timing Constraints
---------------------------------------------------------------------------------
---------------------------------------------------------------------------------
Finished Applying XDC Timing Constraints : Time (s): cpu = 00:00:36 ; elapsed = 00:00:52 . Memory (MB): peak = 1666.949 ; gain = 484.543 ; free physical = 123 ; free virtual = 2656
---------------------------------------------------------------------------------
---------------------------------------------------------------------------------
Start Timing Optimization
---------------------------------------------------------------------------------
---------------------------------------------------------------------------------
Finished Timing Optimization : Time (s): cpu = 00:00:36 ; elapsed = 00:00:52 . Memory (MB): peak = 1666.949 ; gain = 484.543 ; free physical = 131 ; free virtual = 2656
---------------------------------------------------------------------------------

Report RTL Partitions: 
+-+--------------+------------+----------+
| |RTL Partition |Replication |Instances |
+-+--------------+------------+----------+
+-+--------------+------------+----------+
---------------------------------------------------------------------------------
Start Technology Mapping
---------------------------------------------------------------------------------
---------------------------------------------------------------------------------
Finished Technology Mapping : Time (s): cpu = 00:00:36 ; elapsed = 00:00:52 . Memory (MB): peak = 1666.949 ; gain = 484.543 ; free physical = 144 ; free virtual = 2653
---------------------------------------------------------------------------------

Report RTL Partitions: 
+-+--------------+------------+----------+
| |RTL Partition |Replication |Instances |
+-+--------------+------------+----------+
+-+--------------+------------+----------+
---------------------------------------------------------------------------------
Start IO Insertion
---------------------------------------------------------------------------------
---------------------------------------------------------------------------------
Start Flattening Before IO Insertion
---------------------------------------------------------------------------------
---------------------------------------------------------------------------------
Finished Flattening Before IO Insertion
---------------------------------------------------------------------------------
---------------------------------------------------------------------------------
Start Final Netlist Cleanup
---------------------------------------------------------------------------------
---------------------------------------------------------------------------------
Finished Final Netlist Cleanup
---------------------------------------------------------------------------------
---------------------------------------------------------------------------------
Finished IO Insertion : Time (s): cpu = 00:00:37 ; elapsed = 00:00:52 . Memory (MB): peak = 1666.949 ; gain = 484.543 ; free physical = 129 ; free virtual = 2605
---------------------------------------------------------------------------------

Report Check Netlist: 
+------+------------------+-------+---------+-------+------------------+
|      |Item              |Errors |Warnings |Status |Description       |
+------+------------------+-------+---------+-------+------------------+
|1     |multi_driven_nets |      0|        0|Passed |Multi driven nets |
+------+------------------+-------+---------+-------+------------------+
---------------------------------------------------------------------------------
Start Renaming Generated Instances
---------------------------------------------------------------------------------
---------------------------------------------------------------------------------
Finished Renaming Generated Instances : Time (s): cpu = 00:00:37 ; elapsed = 00:00:52 . Memory (MB): peak = 1666.949 ; gain = 484.543 ; free physical = 129 ; free virtual = 2605
---------------------------------------------------------------------------------

Report RTL Partitions: 
+-+--------------+------------+----------+
| |RTL Partition |Replication |Instances |
+-+--------------+------------+----------+
+-+--------------+------------+----------+
---------------------------------------------------------------------------------
Start Rebuilding User Hierarchy
---------------------------------------------------------------------------------
---------------------------------------------------------------------------------
Finished Rebuilding User Hierarchy : Time (s): cpu = 00:00:37 ; elapsed = 00:00:52 . Memory (MB): peak = 1666.949 ; gain = 484.543 ; free physical = 128 ; free virtual = 2604
---------------------------------------------------------------------------------
---------------------------------------------------------------------------------
Start Renaming Generated Ports
---------------------------------------------------------------------------------
---------------------------------------------------------------------------------
Finished Renaming Generated Ports : Time (s): cpu = 00:00:37 ; elapsed = 00:00:52 . Memory (MB): peak = 1666.949 ; gain = 484.543 ; free physical = 128 ; free virtual = 2604
---------------------------------------------------------------------------------
---------------------------------------------------------------------------------
Start Handling Custom Attributes
---------------------------------------------------------------------------------
---------------------------------------------------------------------------------
Finished Handling Custom Attributes : Time (s): cpu = 00:00:37 ; elapsed = 00:00:52 . Memory (MB): peak = 1666.949 ; gain = 484.543 ; free physical = 127 ; free virtual = 2603
---------------------------------------------------------------------------------
---------------------------------------------------------------------------------
Start Renaming Generated Nets
---------------------------------------------------------------------------------
---------------------------------------------------------------------------------
Finished Renaming Generated Nets : Time (s): cpu = 00:00:37 ; elapsed = 00:00:52 . Memory (MB): peak = 1666.949 ; gain = 484.543 ; free physical = 127 ; free virtual = 2603
---------------------------------------------------------------------------------
---------------------------------------------------------------------------------
Start Writing Synthesis Report
---------------------------------------------------------------------------------

Report BlackBoxes: 
+-+--------------+----------+
| |BlackBox name |Instances |
+-+--------------+----------+
+-+--------------+----------+

Report Cell Usage: 
+------+-------+------+
|      |Cell   |Count |
+------+-------+------+
|1     |CARRY4 |     8|
|2     |LUT1   |     1|
|3     |LUT2   |    33|
|4     |LUT3   |     3|
|5     |LUT4   |    16|
|6     |LUT5   |     2|
|7     |LUT6   |    33|
|8     |FDRE   |   135|
|9     |FDSE   |     2|
+------+-------+------+

Report Instance Areas: 
+------+------------------------------------------+---------------------------------+------+
|      |Instance                                  |Module                           |Cells |
+------+------------------------------------------+---------------------------------+------+
|1     |top                                       |                                 |   233|
|2     |  U0                                      |SimpleArithmeticAXI_v1_0         |   233|
|3     |    SimpleArithmeticAXI_v1_0_S00_AXI_inst |SimpleArithmeticAXI_v1_0_S00_AXI |   233|
+------+------------------------------------------+---------------------------------+------+
---------------------------------------------------------------------------------
Finished Writing Synthesis Report : Time (s): cpu = 00:00:37 ; elapsed = 00:00:52 . Memory (MB): peak = 1666.949 ; gain = 484.543 ; free physical = 127 ; free virtual = 2603
---------------------------------------------------------------------------------
Synthesis finished with 0 errors, 0 critical warnings and 6 warnings.
Synthesis Optimization Runtime : Time (s): cpu = 00:00:27 ; elapsed = 00:00:32 . Memory (MB): peak = 1666.949 ; gain = 115.527 ; free physical = 173 ; free virtual = 2649
Synthesis Optimization Complete : Time (s): cpu = 00:00:37 ; elapsed = 00:00:53 . Memory (MB): peak = 1666.949 ; gain = 484.543 ; free physical = 173 ; free virtual = 2649
INFO: [Project 1-571] Translating synthesized netlist
INFO: [Netlist 29-17] Analyzing 8 Unisim elements for replacement
INFO: [Netlist 29-28] Unisim Transformation completed in 0 CPU seconds
INFO: [Project 1-570] Preparing netlist for logic optimization
INFO: [Opt 31-138] Pushed 0 inverter(s) to 0 load pin(s).
INFO: [Project 1-111] Unisim Transformation Summary:
No Unisim elements were transformed.

INFO: [Common 17-83] Releasing license: Synthesis
33 Infos, 14 Warnings, 0 Critical Warnings and 0 Errors encountered.
synth_design completed successfully
synth_design: Time (s): cpu = 00:00:38 ; elapsed = 00:00:54 . Memory (MB): peak = 1666.949 ; gain = 497.918 ; free physical = 214 ; free virtual = 2613
INFO: [Common 17-1381] The checkpoint '/home/tinytangent/ucore-plus-fpga/Simple_Arithmetic/Simple_Arithmetic.runs/TopLevelDesign_SimpleArithmeticAXI_0_0_synth_1/TopLevelDesign_SimpleArithmeticAXI_0_0.dcp' has been generated.
