Copyright 1986-2017 Xilinx, Inc. All Rights Reserved.
----------------------------------------------------------------------------------------------------
| Tool Version : Vivado v.2017.3 (lin64) Build 2018833 Wed Oct  4 19:58:07 MDT 2017
| Date         : Tue Nov 14 22:54:38 2017
| Host         : tinytangent_laptop1 running 64-bit Arch Linux
| Command      : report_clock_utilization -file TopLevelDesign_wrapper_clock_utilization_routed.rpt
| Design       : TopLevelDesign_wrapper
| Device       : 7z020-clg484
| Speed File   : -1  PRODUCTION 1.11 2014-09-11
----------------------------------------------------------------------------------------------------

Clock Utilization Report

Table of Contents
-----------------
1. Clock Primitive Utilization
2. Global Clock Resources
3. Global Clock Source Details
4. Clock Regions: Key Resource Utilization
5. Clock Regions : Global Clock Summary
6. Device Cell Placement Summary for Global Clock g0
7. Clock Region Cell Placement per Global Clock: Region X0Y0
8. Clock Region Cell Placement per Global Clock: Region X0Y1
9. Clock Region Cell Placement per Global Clock: Region X1Y1
10. Clock Region Cell Placement per Global Clock: Region X0Y2
11. Clock Region Cell Placement per Global Clock: Region X1Y2

1. Clock Primitive Utilization
------------------------------

+----------+------+-----------+-----+--------------+--------+
| Type     | Used | Available | LOC | Clock Region | Pblock |
+----------+------+-----------+-----+--------------+--------+
| BUFGCTRL |    1 |        32 |   0 |            0 |      0 |
| BUFH     |    0 |        72 |   0 |            0 |      0 |
| BUFIO    |    0 |        16 |   0 |            0 |      0 |
| BUFMR    |    0 |         8 |   0 |            0 |      0 |
| BUFR     |    0 |        16 |   0 |            0 |      0 |
| MMCM     |    0 |         4 |   0 |            0 |      0 |
| PLL      |    0 |         4 |   0 |            0 |      0 |
+----------+------+-----------+-----+--------------+--------+


2. Global Clock Resources
-------------------------

+-----------+-----------+-----------------+------------+----------------+--------------+-------------------+-------------+-----------------+--------------+------------+--------------------------------------------------------------------------------+------------------------------------------------------+---------------+
| Global Id | Source Id | Driver Type/Pin | Constraint | Site           | Clock Region | Load Clock Region | Clock Loads | Non-Clock Loads | Clock Period | Clock      | Driver Pin                                                                     | Net                                                  | PR Clock Type |
+-----------+-----------+-----------------+------------+----------------+--------------+-------------------+-------------+-----------------+--------------+------------+--------------------------------------------------------------------------------+------------------------------------------------------+---------------+
| g0        | src0      | BUFG/O          | None       | BUFGCTRL_X0Y16 | n/a          |                 5 |         996 |               0 |       10.000 | clk_fpga_0 | TopLevelDesign_i/processing_system7_0/inst/buffer_fclk_clk_0.FCLK_CLK_0_BUFG/O | TopLevelDesign_i/processing_system7_0/inst/FCLK_CLK0 | RM active (5) |
+-----------+-----------+-----------------+------------+----------------+--------------+-------------------+-------------+-----------------+--------------+------------+--------------------------------------------------------------------------------+------------------------------------------------------+---------------+
* Clock Loads column represents the clock pin loads (pin count)
** Non-Clock Loads column represents the non-clock pin loads (pin count)
*** PR Clock Type column represents the clock spine usage in the clock regions (by module requirement)


3. Global Clock Source Details
------------------------------

+-----------+-----------+-----------------+------------+----------+--------------+-------------+-----------------+---------------------+--------------+-------------------------------------------------------------+-------------------------------------------------------------------+-----------------+
| Source Id | Global Id | Driver Type/Pin | Constraint | Site     | Clock Region | Clock Loads | Non-Clock Loads | Source Clock Period | Source Clock | Driver Pin                                                  | Net                                                               | PR Clock Source |
+-----------+-----------+-----------------+------------+----------+--------------+-------------+-----------------+---------------------+--------------+-------------------------------------------------------------+-------------------------------------------------------------------+-----------------+
| src0      | g0        | PS7/FCLKCLK[0]  | PS7_X0Y0   | PS7_X0Y0 | X0Y2         |           1 |               0 |              10.000 | clk_fpga_0   | TopLevelDesign_i/processing_system7_0/inst/PS7_i/FCLKCLK[0] | TopLevelDesign_i/processing_system7_0/inst/FCLK_CLK_unbuffered[0] | Static          |
+-----------+-----------+-----------------+------------+----------+--------------+-------------+-----------------+---------------------+--------------+-------------------------------------------------------------+-------------------------------------------------------------------+-----------------+
* Clock Loads column represents the clock pin loads (pin count)
** Non-Clock Loads column represents the non-clock pin loads (pin count)


4. Clock Regions: Key Resource Utilization
------------------------------------------

+-------------------+--------------+--------------+--------------+--------------+--------------+--------------+--------------+--------------+--------------+--------------+--------------+--------------+--------------+--------------+--------------+
|                   | Global Clock |     BUFRs    |    BUFMRs    |    BUFIOs    |     MMCM     |      PLL     |      GT      |      PCI     |    ILOGIC    |    OLOGIC    |      FF      |     LUTM     |    RAMB18    |    RAMB36    |    DSP48E2   |
+-------------------+------+-------+------+-------+------+-------+------+-------+------+-------+------+-------+------+-------+------+-------+------+-------+------+-------+------+-------+------+-------+------+-------+------+-------+------+-------+
| Clock Region Name | Used | Avail | Used | Avail | Used | Avail | Used | Avail | Used | Avail | Used | Avail | Used | Avail | Used | Avail | Used | Avail | Used | Avail | Used | Avail | Used | Avail | Used | Avail | Used | Avail | Used | Avail |
+-------------------+------+-------+------+-------+------+-------+------+-------+------+-------+------+-------+------+-------+------+-------+------+-------+------+-------+------+-------+------+-------+------+-------+------+-------+------+-------+
| X0Y0              |    1 |    12 |    0 |     4 |    0 |     2 |    0 |     4 |    0 |     1 |    0 |     1 |    0 |     0 |    0 |     0 |    0 |    50 |    0 |    50 |   27 |  2500 |   10 |  1000 |    0 |    60 |    0 |    30 |    0 |    60 |
| X1Y0              |    0 |    12 |    0 |     4 |    0 |     2 |    0 |     4 |    0 |     1 |    0 |     1 |    0 |     0 |    0 |     0 |    0 |    50 |    0 |    50 |    0 |  3200 |    0 |   850 |    0 |    60 |    0 |    30 |    0 |    40 |
| X0Y1              |    1 |    12 |    0 |     0 |    0 |     0 |    0 |     0 |    0 |     0 |    0 |     0 |    0 |     0 |    0 |     0 |    0 |     0 |    0 |     0 |  649 |  1200 |  262 |   400 |    0 |    20 |    0 |    10 |    0 |    20 |
| X1Y1              |    1 |    12 |    0 |     4 |    0 |     2 |    0 |     4 |    0 |     1 |    0 |     1 |    0 |     0 |    0 |     0 |    0 |    50 |    0 |    50 |   60 |  2600 |   17 |   850 |    0 |    60 |    0 |    30 |    0 |    40 |
| X0Y2              |    1 |    12 |    0 |     0 |    0 |     0 |    0 |     0 |    0 |     0 |    0 |     0 |    0 |     0 |    0 |     0 |    0 |     0 |    0 |     0 |  125 |  1200 |   63 |   400 |    0 |    20 |    0 |    10 |    0 |    20 |
| X1Y2              |    1 |    12 |    0 |     4 |    0 |     2 |    0 |     4 |    0 |     1 |    0 |     1 |    0 |     0 |    0 |     0 |    0 |    50 |    0 |    50 |   68 |  2600 |   12 |   850 |    0 |    60 |    0 |    30 |    0 |    40 |
+-------------------+------+-------+------+-------+------+-------+------+-------+------+-------+------+-------+------+-------+------+-------+------+-------+------+-------+------+-------+------+-------+------+-------+------+-------+------+-------+
* Global Clock column represents track count; while other columns represents cell counts


5. Clock Regions : Global Clock Summary
---------------------------------------

All Modules
+----+----+----+
|    | X0 | X1 |
+----+----+----+
| Y2 |  1 |  1 |
| Y1 |  1 |  1 |
| Y0 |  1 |  0 |
+----+----+----+


OpUnitWrapper_i/OpUnit_e
+----+----+----+
|    | X0 | X1 |
+----+----+----+
| Y2 |  1 |  1 |
| Y1 |  1 |  1 |
| Y0 |  1 |  0 |
+----+----+----+


6. Device Cell Placement Summary for Global Clock g0
----------------------------------------------------

+-----------+-----------------+-------------------+------------+-------------+---------------+-------------+----------+----------------+----------+------------------------------------------------------+-----------------+
| Global Id | Driver Type/Pin | Driver Region (D) | Clock      | Period (ns) | Waveform (ns) | Slice Loads | IO Loads | Clocking Loads | GT Loads | Net                                                  | PR Clock Source |
+-----------+-----------------+-------------------+------------+-------------+---------------+-------------+----------+----------------+----------+------------------------------------------------------+-----------------+
| g0        | BUFG/O          | n/a               | clk_fpga_0 |      10.000 | {0.000 5.000} |         996 |        0 |              0 |        0 | TopLevelDesign_i/processing_system7_0/inst/FCLK_CLK0 | Static          |
+-----------+-----------------+-------------------+------------+-------------+---------------+-------------+----------+----------------+----------+------------------------------------------------------+-----------------+
* Logic Loads column represents load cell count of all cell types other than IO, GT and clock resources
** IO Loads column represents load cell count of IO types
*** Clocking Loads column represents load cell count that are clock resources (global clock buffer, MMCM, PLL, etc)
**** GT Loads column represents load cell count of GT types


+----+------+-----+
|    | X0   | X1  |
+----+------+-----+
| Y2 |  134 |  68 |
| Y1 |  707 |  60 |
| Y0 |   27 |   0 |
+----+------+-----+


7. Clock Region Cell Placement per Global Clock: Region X0Y0
------------------------------------------------------------

+-----------+-------+-----------------+------------+-------------+-----------------+----+--------+------+-----+----+------+-----+---------+------------------------------------------------------+
| Global Id | Track | Driver Type/Pin | Constraint | Clock Loads | Non-Clock Loads | FF | LUTRAM | RAMB | DSP | GT | MMCM | PLL | Hard IP | Net                                                  |
+-----------+-------+-----------------+------------+-------------+-----------------+----+--------+------+-----+----+------+-----+---------+------------------------------------------------------+
| g0        | n/a   | BUFG/O          | None       |          27 |               0 | 27 |      0 |    0 |   0 |  0 |    0 |   0 |       0 | TopLevelDesign_i/processing_system7_0/inst/FCLK_CLK0 |
+-----------+-------+-----------------+------------+-------------+-----------------+----+--------+------+-----+----+------+-----+---------+------------------------------------------------------+
* Clock Loads column represents the clock pin loads (pin count)
** Non-Clock Loads column represents the non-clock pin loads (pin count)
*** Columns FF, LUTRAM, RAMB through 'Hard IP' represents load cell counts


8. Clock Region Cell Placement per Global Clock: Region X0Y1
------------------------------------------------------------

+-----------+-------+-----------------+------------+-------------+-----------------+-----+--------+------+-----+----+------+-----+---------+------------------------------------------------------+
| Global Id | Track | Driver Type/Pin | Constraint | Clock Loads | Non-Clock Loads | FF  | LUTRAM | RAMB | DSP | GT | MMCM | PLL | Hard IP | Net                                                  |
+-----------+-------+-----------------+------------+-------------+-----------------+-----+--------+------+-----+----+------+-----+---------+------------------------------------------------------+
| g0        | n/a   | BUFG/O          | None       |         707 |               0 | 649 |     58 |    0 |   0 |  0 |    0 |   0 |       0 | TopLevelDesign_i/processing_system7_0/inst/FCLK_CLK0 |
+-----------+-------+-----------------+------------+-------------+-----------------+-----+--------+------+-----+----+------+-----+---------+------------------------------------------------------+
* Clock Loads column represents the clock pin loads (pin count)
** Non-Clock Loads column represents the non-clock pin loads (pin count)
*** Columns FF, LUTRAM, RAMB through 'Hard IP' represents load cell counts


9. Clock Region Cell Placement per Global Clock: Region X1Y1
------------------------------------------------------------

+-----------+-------+-----------------+------------+-------------+-----------------+----+--------+------+-----+----+------+-----+---------+------------------------------------------------------+
| Global Id | Track | Driver Type/Pin | Constraint | Clock Loads | Non-Clock Loads | FF | LUTRAM | RAMB | DSP | GT | MMCM | PLL | Hard IP | Net                                                  |
+-----------+-------+-----------------+------------+-------------+-----------------+----+--------+------+-----+----+------+-----+---------+------------------------------------------------------+
| g0        | n/a   | BUFG/O          | None       |          60 |               0 | 60 |      0 |    0 |   0 |  0 |    0 |   0 |       0 | TopLevelDesign_i/processing_system7_0/inst/FCLK_CLK0 |
+-----------+-------+-----------------+------------+-------------+-----------------+----+--------+------+-----+----+------+-----+---------+------------------------------------------------------+
* Clock Loads column represents the clock pin loads (pin count)
** Non-Clock Loads column represents the non-clock pin loads (pin count)
*** Columns FF, LUTRAM, RAMB through 'Hard IP' represents load cell counts


10. Clock Region Cell Placement per Global Clock: Region X0Y2
-------------------------------------------------------------

+-----------+-------+-----------------+------------+-------------+-----------------+-----+--------+------+-----+----+------+-----+---------+------------------------------------------------------+
| Global Id | Track | Driver Type/Pin | Constraint | Clock Loads | Non-Clock Loads | FF  | LUTRAM | RAMB | DSP | GT | MMCM | PLL | Hard IP | Net                                                  |
+-----------+-------+-----------------+------------+-------------+-----------------+-----+--------+------+-----+----+------+-----+---------+------------------------------------------------------+
| g0        | n/a   | BUFG/O          | None       |         134 |               0 | 125 |      8 |    0 |   0 |  0 |    0 |   0 |       0 | TopLevelDesign_i/processing_system7_0/inst/FCLK_CLK0 |
+-----------+-------+-----------------+------------+-------------+-----------------+-----+--------+------+-----+----+------+-----+---------+------------------------------------------------------+
* Clock Loads column represents the clock pin loads (pin count)
** Non-Clock Loads column represents the non-clock pin loads (pin count)
*** Columns FF, LUTRAM, RAMB through 'Hard IP' represents load cell counts


11. Clock Region Cell Placement per Global Clock: Region X1Y2
-------------------------------------------------------------

+-----------+-------+-----------------+------------+-------------+-----------------+----+--------+------+-----+----+------+-----+---------+------------------------------------------------------+
| Global Id | Track | Driver Type/Pin | Constraint | Clock Loads | Non-Clock Loads | FF | LUTRAM | RAMB | DSP | GT | MMCM | PLL | Hard IP | Net                                                  |
+-----------+-------+-----------------+------------+-------------+-----------------+----+--------+------+-----+----+------+-----+---------+------------------------------------------------------+
| g0        | n/a   | BUFG/O          | None       |          68 |               0 | 68 |      0 |    0 |   0 |  0 |    0 |   0 |       0 | TopLevelDesign_i/processing_system7_0/inst/FCLK_CLK0 |
+-----------+-------+-----------------+------------+-------------+-----------------+----+--------+------+-----+----+------+-----+---------+------------------------------------------------------+
* Clock Loads column represents the clock pin loads (pin count)
** Non-Clock Loads column represents the non-clock pin loads (pin count)
*** Columns FF, LUTRAM, RAMB through 'Hard IP' represents load cell counts



# Location of BUFG Primitives 
set_property LOC BUFGCTRL_X0Y16 [get_cells TopLevelDesign_i/processing_system7_0/inst/buffer_fclk_clk_0.FCLK_CLK_0_BUFG]

# Location of IO Primitives which is load of clock spine

# Location of clock ports

# Clock net "TopLevelDesign_i/processing_system7_0/inst/FCLK_CLK0" driven by instance "TopLevelDesign_i/processing_system7_0/inst/buffer_fclk_clk_0.FCLK_CLK_0_BUFG" located at site "BUFGCTRL_X0Y16"
#startgroup
create_pblock {CLKAG_TopLevelDesign_i/processing_system7_0/inst/FCLK_CLK0}
add_cells_to_pblock [get_pblocks  {CLKAG_TopLevelDesign_i/processing_system7_0/inst/FCLK_CLK0}] [get_cells -filter { PRIMITIVE_GROUP != I/O && IS_PRIMITIVE==1 && PRIMITIVE_LEVEL !=INTERNAL } -of_object [get_pins -filter {DIRECTION==IN} -of_objects [get_nets -hierarchical -filter {PARENT=="TopLevelDesign_i/processing_system7_0/inst/FCLK_CLK0"}]]]
resize_pblock [get_pblocks {CLKAG_TopLevelDesign_i/processing_system7_0/inst/FCLK_CLK0}] -add {CLOCKREGION_X0Y0:CLOCKREGION_X0Y0 CLOCKREGION_X0Y1:CLOCKREGION_X0Y1 CLOCKREGION_X0Y2:CLOCKREGION_X0Y2 CLOCKREGION_X1Y0:CLOCKREGION_X1Y0 CLOCKREGION_X1Y1:CLOCKREGION_X1Y1 CLOCKREGION_X1Y2:CLOCKREGION_X1Y2}
#endgroup
