
*** Running vivado
    with args -log TopLevelDesign_xbar_0.vds -m64 -product Vivado -mode batch -messageDb vivado.pb -notrace -source TopLevelDesign_xbar_0.tcl


****** Vivado v2017.3 (64-bit)
  **** SW Build 2018833 on Wed Oct  4 19:58:07 MDT 2017
  **** IP Build 2016188 on Wed Oct  4 21:52:56 MDT 2017
    ** Copyright 1986-2017 Xilinx, Inc. All Rights Reserved.

source TopLevelDesign_xbar_0.tcl -notrace
Starting RTL Elaboration : Time (s): cpu = 00:00:11 ; elapsed = 00:00:16 . Memory (MB): peak = 1272.406 ; gain = 89.996 ; free physical = 326 ; free virtual = 3055
INFO: [Synth 8-638] synthesizing module 'TopLevelDesign_xbar_0' [/home/tinytangent/ucore-plus-fpga/Simple_Arithmetic/Simple_Arithmetic.srcs/sources_1/bd/TopLevelDesign/ip/TopLevelDesign_xbar_0/synth/TopLevelDesign_xbar_0.v:59]
INFO: [Synth 8-638] synthesizing module 'axi_crossbar_v2_1_15_axi_crossbar' [/home/tinytangent/ucore-plus-fpga/Simple_Arithmetic/Simple_Arithmetic.srcs/sources_1/bd/TopLevelDesign/ipshared/a1b8/hdl/axi_crossbar_v2_1_vl_rfs.v:4882]
INFO: [Synth 8-638] synthesizing module 'axi_crossbar_v2_1_15_crossbar_sasd' [/home/tinytangent/ucore-plus-fpga/Simple_Arithmetic/Simple_Arithmetic.srcs/sources_1/bd/TopLevelDesign/ipshared/a1b8/hdl/axi_crossbar_v2_1_vl_rfs.v:1240]
INFO: [Synth 8-638] synthesizing module 'axi_crossbar_v2_1_15_addr_decoder' [/home/tinytangent/ucore-plus-fpga/Simple_Arithmetic/Simple_Arithmetic.srcs/sources_1/bd/TopLevelDesign/ipshared/a1b8/hdl/axi_crossbar_v2_1_vl_rfs.v:794]
INFO: [Synth 8-638] synthesizing module 'generic_baseblocks_v2_1_0_comparator_static' [/home/tinytangent/ucore-plus-fpga/Simple_Arithmetic/Simple_Arithmetic.srcs/sources_1/bd/TopLevelDesign/ipshared/b752/hdl/generic_baseblocks_v2_1_vl_rfs.v:2133]
INFO: [Synth 8-638] synthesizing module 'generic_baseblocks_v2_1_0_carry_and' [/home/tinytangent/ucore-plus-fpga/Simple_Arithmetic/Simple_Arithmetic.srcs/sources_1/bd/TopLevelDesign/ipshared/b752/hdl/generic_baseblocks_v2_1_vl_rfs.v:62]
INFO: [Synth 8-256] done synthesizing module 'generic_baseblocks_v2_1_0_carry_and' (1#1) [/home/tinytangent/ucore-plus-fpga/Simple_Arithmetic/Simple_Arithmetic.srcs/sources_1/bd/TopLevelDesign/ipshared/b752/hdl/generic_baseblocks_v2_1_vl_rfs.v:62]
INFO: [Synth 8-256] done synthesizing module 'generic_baseblocks_v2_1_0_comparator_static' (2#1) [/home/tinytangent/ucore-plus-fpga/Simple_Arithmetic/Simple_Arithmetic.srcs/sources_1/bd/TopLevelDesign/ipshared/b752/hdl/generic_baseblocks_v2_1_vl_rfs.v:2133]
INFO: [Synth 8-638] synthesizing module 'generic_baseblocks_v2_1_0_comparator_static__parameterized0' [/home/tinytangent/ucore-plus-fpga/Simple_Arithmetic/Simple_Arithmetic.srcs/sources_1/bd/TopLevelDesign/ipshared/b752/hdl/generic_baseblocks_v2_1_vl_rfs.v:2133]
INFO: [Synth 8-256] done synthesizing module 'generic_baseblocks_v2_1_0_comparator_static__parameterized0' (2#1) [/home/tinytangent/ucore-plus-fpga/Simple_Arithmetic/Simple_Arithmetic.srcs/sources_1/bd/TopLevelDesign/ipshared/b752/hdl/generic_baseblocks_v2_1_vl_rfs.v:2133]
INFO: [Synth 8-638] synthesizing module 'generic_baseblocks_v2_1_0_comparator_static__parameterized1' [/home/tinytangent/ucore-plus-fpga/Simple_Arithmetic/Simple_Arithmetic.srcs/sources_1/bd/TopLevelDesign/ipshared/b752/hdl/generic_baseblocks_v2_1_vl_rfs.v:2133]
INFO: [Synth 8-256] done synthesizing module 'generic_baseblocks_v2_1_0_comparator_static__parameterized1' (2#1) [/home/tinytangent/ucore-plus-fpga/Simple_Arithmetic/Simple_Arithmetic.srcs/sources_1/bd/TopLevelDesign/ipshared/b752/hdl/generic_baseblocks_v2_1_vl_rfs.v:2133]
INFO: [Synth 8-256] done synthesizing module 'axi_crossbar_v2_1_15_addr_decoder' (3#1) [/home/tinytangent/ucore-plus-fpga/Simple_Arithmetic/Simple_Arithmetic.srcs/sources_1/bd/TopLevelDesign/ipshared/a1b8/hdl/axi_crossbar_v2_1_vl_rfs.v:794]
INFO: [Synth 8-638] synthesizing module 'axi_crossbar_v2_1_15_decerr_slave' [/home/tinytangent/ucore-plus-fpga/Simple_Arithmetic/Simple_Arithmetic.srcs/sources_1/bd/TopLevelDesign/ipshared/a1b8/hdl/axi_crossbar_v2_1_vl_rfs.v:3500]
INFO: [Synth 8-256] done synthesizing module 'axi_crossbar_v2_1_15_decerr_slave' (4#1) [/home/tinytangent/ucore-plus-fpga/Simple_Arithmetic/Simple_Arithmetic.srcs/sources_1/bd/TopLevelDesign/ipshared/a1b8/hdl/axi_crossbar_v2_1_vl_rfs.v:3500]
INFO: [Synth 8-638] synthesizing module 'axi_crossbar_v2_1_15_addr_arbiter_sasd' [/home/tinytangent/ucore-plus-fpga/Simple_Arithmetic/Simple_Arithmetic.srcs/sources_1/bd/TopLevelDesign/ipshared/a1b8/hdl/axi_crossbar_v2_1_vl_rfs.v:65]
INFO: [Synth 8-256] done synthesizing module 'axi_crossbar_v2_1_15_addr_arbiter_sasd' (5#1) [/home/tinytangent/ucore-plus-fpga/Simple_Arithmetic/Simple_Arithmetic.srcs/sources_1/bd/TopLevelDesign/ipshared/a1b8/hdl/axi_crossbar_v2_1_vl_rfs.v:65]
INFO: [Synth 8-638] synthesizing module 'axi_crossbar_v2_1_15_splitter' [/home/tinytangent/ucore-plus-fpga/Simple_Arithmetic/Simple_Arithmetic.srcs/sources_1/bd/TopLevelDesign/ipshared/a1b8/hdl/axi_crossbar_v2_1_vl_rfs.v:4459]
INFO: [Synth 8-256] done synthesizing module 'axi_crossbar_v2_1_15_splitter' (6#1) [/home/tinytangent/ucore-plus-fpga/Simple_Arithmetic/Simple_Arithmetic.srcs/sources_1/bd/TopLevelDesign/ipshared/a1b8/hdl/axi_crossbar_v2_1_vl_rfs.v:4459]
INFO: [Synth 8-638] synthesizing module 'axi_crossbar_v2_1_15_splitter__parameterized0' [/home/tinytangent/ucore-plus-fpga/Simple_Arithmetic/Simple_Arithmetic.srcs/sources_1/bd/TopLevelDesign/ipshared/a1b8/hdl/axi_crossbar_v2_1_vl_rfs.v:4459]
INFO: [Synth 8-256] done synthesizing module 'axi_crossbar_v2_1_15_splitter__parameterized0' (6#1) [/home/tinytangent/ucore-plus-fpga/Simple_Arithmetic/Simple_Arithmetic.srcs/sources_1/bd/TopLevelDesign/ipshared/a1b8/hdl/axi_crossbar_v2_1_vl_rfs.v:4459]
INFO: [Synth 8-638] synthesizing module 'generic_baseblocks_v2_1_0_mux_enc' [/home/tinytangent/ucore-plus-fpga/Simple_Arithmetic/Simple_Arithmetic.srcs/sources_1/bd/TopLevelDesign/ipshared/b752/hdl/generic_baseblocks_v2_1_vl_rfs.v:2452]
INFO: [Synth 8-256] done synthesizing module 'generic_baseblocks_v2_1_0_mux_enc' (7#1) [/home/tinytangent/ucore-plus-fpga/Simple_Arithmetic/Simple_Arithmetic.srcs/sources_1/bd/TopLevelDesign/ipshared/b752/hdl/generic_baseblocks_v2_1_vl_rfs.v:2452]
INFO: [Synth 8-638] synthesizing module 'generic_baseblocks_v2_1_0_mux_enc__parameterized0' [/home/tinytangent/ucore-plus-fpga/Simple_Arithmetic/Simple_Arithmetic.srcs/sources_1/bd/TopLevelDesign/ipshared/b752/hdl/generic_baseblocks_v2_1_vl_rfs.v:2452]
INFO: [Synth 8-256] done synthesizing module 'generic_baseblocks_v2_1_0_mux_enc__parameterized0' (7#1) [/home/tinytangent/ucore-plus-fpga/Simple_Arithmetic/Simple_Arithmetic.srcs/sources_1/bd/TopLevelDesign/ipshared/b752/hdl/generic_baseblocks_v2_1_vl_rfs.v:2452]
INFO: [Synth 8-638] synthesizing module 'generic_baseblocks_v2_1_0_mux_enc__parameterized1' [/home/tinytangent/ucore-plus-fpga/Simple_Arithmetic/Simple_Arithmetic.srcs/sources_1/bd/TopLevelDesign/ipshared/b752/hdl/generic_baseblocks_v2_1_vl_rfs.v:2452]
INFO: [Synth 8-256] done synthesizing module 'generic_baseblocks_v2_1_0_mux_enc__parameterized1' (7#1) [/home/tinytangent/ucore-plus-fpga/Simple_Arithmetic/Simple_Arithmetic.srcs/sources_1/bd/TopLevelDesign/ipshared/b752/hdl/generic_baseblocks_v2_1_vl_rfs.v:2452]
INFO: [Synth 8-638] synthesizing module 'axi_register_slice_v2_1_14_axic_register_slice' [/home/tinytangent/ucore-plus-fpga/Simple_Arithmetic/Simple_Arithmetic.srcs/sources_1/bd/TopLevelDesign/ipshared/a259/hdl/axi_register_slice_v2_1_vl_rfs.v:189]
INFO: [Synth 8-256] done synthesizing module 'axi_register_slice_v2_1_14_axic_register_slice' (8#1) [/home/tinytangent/ucore-plus-fpga/Simple_Arithmetic/Simple_Arithmetic.srcs/sources_1/bd/TopLevelDesign/ipshared/a259/hdl/axi_register_slice_v2_1_vl_rfs.v:189]
INFO: [Synth 8-638] synthesizing module 'generic_baseblocks_v2_1_0_mux_enc__parameterized2' [/home/tinytangent/ucore-plus-fpga/Simple_Arithmetic/Simple_Arithmetic.srcs/sources_1/bd/TopLevelDesign/ipshared/b752/hdl/generic_baseblocks_v2_1_vl_rfs.v:2452]
INFO: [Synth 8-256] done synthesizing module 'generic_baseblocks_v2_1_0_mux_enc__parameterized2' (8#1) [/home/tinytangent/ucore-plus-fpga/Simple_Arithmetic/Simple_Arithmetic.srcs/sources_1/bd/TopLevelDesign/ipshared/b752/hdl/generic_baseblocks_v2_1_vl_rfs.v:2452]
INFO: [Synth 8-256] done synthesizing module 'axi_crossbar_v2_1_15_crossbar_sasd' (9#1) [/home/tinytangent/ucore-plus-fpga/Simple_Arithmetic/Simple_Arithmetic.srcs/sources_1/bd/TopLevelDesign/ipshared/a1b8/hdl/axi_crossbar_v2_1_vl_rfs.v:1240]
INFO: [Synth 8-256] done synthesizing module 'axi_crossbar_v2_1_15_axi_crossbar' (10#1) [/home/tinytangent/ucore-plus-fpga/Simple_Arithmetic/Simple_Arithmetic.srcs/sources_1/bd/TopLevelDesign/ipshared/a1b8/hdl/axi_crossbar_v2_1_vl_rfs.v:4882]
INFO: [Synth 8-256] done synthesizing module 'TopLevelDesign_xbar_0' (11#1) [/home/tinytangent/ucore-plus-fpga/Simple_Arithmetic/Simple_Arithmetic.srcs/sources_1/bd/TopLevelDesign/ip/TopLevelDesign_xbar_0/synth/TopLevelDesign_xbar_0.v:59]
Finished RTL Elaboration : Time (s): cpu = 00:00:17 ; elapsed = 00:00:27 . Memory (MB): peak = 1394.938 ; gain = 212.527 ; free physical = 238 ; free virtual = 2962
Finished RTL Optimization Phase 1 : Time (s): cpu = 00:00:17 ; elapsed = 00:00:27 . Memory (MB): peak = 1394.938 ; gain = 212.527 ; free physical = 217 ; free virtual = 2941
INFO: [Device 21-403] Loading part xc7z020clg484-1
Constraint Validation Runtime : Time (s): cpu = 00:00:00.03 ; elapsed = 00:00:00.02 . Memory (MB): peak = 1695.250 ; gain = 0.000 ; free physical = 135 ; free virtual = 2606
Finished Constraint Validation : Time (s): cpu = 00:00:34 ; elapsed = 00:00:54 . Memory (MB): peak = 1695.250 ; gain = 512.840 ; free physical = 815 ; free virtual = 3288
Finished Loading Part and Timing Information : Time (s): cpu = 00:00:34 ; elapsed = 00:00:54 . Memory (MB): peak = 1695.250 ; gain = 512.840 ; free physical = 815 ; free virtual = 3288
Finished applying 'set_property' XDC Constraints : Time (s): cpu = 00:00:34 ; elapsed = 00:00:54 . Memory (MB): peak = 1695.250 ; gain = 512.840 ; free physical = 817 ; free virtual = 3290
Finished RTL Optimization Phase 2 : Time (s): cpu = 00:00:34 ; elapsed = 00:00:55 . Memory (MB): peak = 1695.250 ; gain = 512.840 ; free physical = 811 ; free virtual = 3284
Finished Cross Boundary and Area Optimization : Time (s): cpu = 00:00:35 ; elapsed = 00:00:55 . Memory (MB): peak = 1695.250 ; gain = 512.840 ; free physical = 797 ; free virtual = 3272
Finished Applying XDC Timing Constraints : Time (s): cpu = 00:00:41 ; elapsed = 00:01:03 . Memory (MB): peak = 1695.250 ; gain = 512.840 ; free physical = 685 ; free virtual = 3158
Finished Timing Optimization : Time (s): cpu = 00:00:41 ; elapsed = 00:01:03 . Memory (MB): peak = 1695.250 ; gain = 512.840 ; free physical = 679 ; free virtual = 3151
Finished Technology Mapping : Time (s): cpu = 00:00:41 ; elapsed = 00:01:03 . Memory (MB): peak = 1695.250 ; gain = 512.840 ; free physical = 679 ; free virtual = 3151
Finished IO Insertion : Time (s): cpu = 00:00:42 ; elapsed = 00:01:04 . Memory (MB): peak = 1695.250 ; gain = 512.840 ; free physical = 679 ; free virtual = 3152
Finished Renaming Generated Instances : Time (s): cpu = 00:00:42 ; elapsed = 00:01:04 . Memory (MB): peak = 1695.250 ; gain = 512.840 ; free physical = 679 ; free virtual = 3152
Finished Rebuilding User Hierarchy : Time (s): cpu = 00:00:42 ; elapsed = 00:01:04 . Memory (MB): peak = 1695.250 ; gain = 512.840 ; free physical = 679 ; free virtual = 3152
Finished Renaming Generated Ports : Time (s): cpu = 00:00:42 ; elapsed = 00:01:04 . Memory (MB): peak = 1695.250 ; gain = 512.840 ; free physical = 679 ; free virtual = 3152
Finished Handling Custom Attributes : Time (s): cpu = 00:00:42 ; elapsed = 00:01:04 . Memory (MB): peak = 1695.250 ; gain = 512.840 ; free physical = 679 ; free virtual = 3151
Finished Renaming Generated Nets : Time (s): cpu = 00:00:42 ; elapsed = 00:01:04 . Memory (MB): peak = 1695.250 ; gain = 512.840 ; free physical = 679 ; free virtual = 3151

Report Cell Usage: 
+------+-----+------+
|      |Cell |Count |
+------+-----+------+
|1     |LUT1 |     2|
|2     |LUT2 |    11|
|3     |LUT3 |    38|
|4     |LUT4 |    48|
|5     |LUT5 |    51|
|6     |LUT6 |    28|
|7     |FDRE |   131|
+------+-----+------+
Finished Writing Synthesis Report : Time (s): cpu = 00:00:42 ; elapsed = 00:01:04 . Memory (MB): peak = 1695.250 ; gain = 512.840 ; free physical = 679 ; free virtual = 3151
synth_design: Time (s): cpu = 00:00:44 ; elapsed = 00:01:05 . Memory (MB): peak = 1695.250 ; gain = 526.215 ; free physical = 725 ; free virtual = 3197
